  Fitxa.cpp
  Moviment.cpp
C:\Users\usuari\Documents\ENGINYERIA INFORMÀTICA\MP\EL-JOC-DE-LES-DAMES\EL JOC DE LES DAMES\Posicio.h(5,12): error C4430: falta el especificador de tipo; se presupone int. Nota: C++ no admite default-int
  (compilando archivo de origen "Fitxa.cpp")
  
C:\Users\usuari\Documents\ENGINYERIA INFORMÀTICA\MP\EL-JOC-DE-LES-DAMES\EL JOC DE LES DAMES\Posicio.h(5,24): error C2143: error de sintaxis: falta ',' delante de '&'
  (compilando archivo de origen "Fitxa.cpp")
  
C:\Users\usuari\Documents\ENGINYERIA INFORMÀTICA\MP\EL-JOC-DE-LES-DAMES\EL JOC DE LES DAMES\Posicio.h(7,11): error C3646: 'toString': especificador de invalidación desconocido
  (compilando archivo de origen "Fitxa.cpp")
  
C:\Users\usuari\Documents\ENGINYERIA INFORMÀTICA\MP\EL-JOC-DE-LES-DAMES\EL JOC DE LES DAMES\Posicio.h(7,19): error C2059: error de sintaxis: '('
  (compilando archivo de origen "Fitxa.cpp")
  
C:\Users\usuari\Documents\ENGINYERIA INFORMÀTICA\MP\EL-JOC-DE-LES-DAMES\EL JOC DE LES DAMES\Posicio.h(7,21): error C2238: símbolos (token) inesperados delante de ';'
  (compilando archivo de origen "Fitxa.cpp")
  
C:\Users\usuari\Documents\ENGINYERIA INFORMÀTICA\MP\EL-JOC-DE-LES-DAMES\EL JOC DE LES DAMES\Posicio.h(10,11): error C3646: 'getPosicio': especificador de invalidación desconocido
  (compilando archivo de origen "Fitxa.cpp")
  
C:\Users\usuari\Documents\ENGINYERIA INFORMÀTICA\MP\EL-JOC-DE-LES-DAMES\EL JOC DE LES DAMES\Posicio.h(10,21): error C2059: error de sintaxis: '('
  (compilando archivo de origen "Fitxa.cpp")
  
C:\Users\usuari\Documents\ENGINYERIA INFORMÀTICA\MP\EL-JOC-DE-LES-DAMES\EL JOC DE LES DAMES\Posicio.h(10,30): error C2334: símbolos (token) inesperados delante de '{'; se pasará por alto el cuerpo de función aparente
  (compilando archivo de origen "Fitxa.cpp")
  
C:\Users\usuari\Documents\ENGINYERIA INFORMÀTICA\MP\EL-JOC-DE-LES-DAMES\EL JOC DE LES DAMES\Posicio.h(14,20): error C4430: falta el especificador de tipo; se presupone int. Nota: C++ no admite default-int
  (compilando archivo de origen "Fitxa.cpp")
  
C:\Users\usuari\Documents\ENGINYERIA INFORMÀTICA\MP\EL-JOC-DE-LES-DAMES\EL JOC DE LES DAMES\Posicio.h(14,32): error C2143: error de sintaxis: falta ',' delante de '&'
  (compilando archivo de origen "Fitxa.cpp")
  
C:\Users\usuari\Documents\ENGINYERIA INFORMÀTICA\MP\EL-JOC-DE-LES-DAMES\EL JOC DE LES DAMES\Posicio.h(20,11): error C3646: 'm_posicio': especificador de invalidación desconocido
  (compilando archivo de origen "Fitxa.cpp")
  
C:\Users\usuari\Documents\ENGINYERIA INFORMÀTICA\MP\EL-JOC-DE-LES-DAMES\EL JOC DE LES DAMES\Posicio.h(20,4): error C4430: falta el especificador de tipo; se presupone int. Nota: C++ no admite default-int
  (compilando archivo de origen "Fitxa.cpp")
  
C:\Users\usuari\Documents\ENGINYERIA INFORMÀTICA\MP\EL-JOC-DE-LES-DAMES\EL JOC DE LES DAMES\Posicio.h(4,43): error C2614: 'Posicio': inicialización de miembro no válida: 'm_posicio' no es una base o miembro
  (compilando archivo de origen "Fitxa.cpp")
  
C:\Users\usuari\Documents\ENGINYERIA INFORMÀTICA\MP\EL-JOC-DE-LES-DAMES\EL JOC DE LES DAMES\Posicio.h(5,74): error C2065: 'posicio': identificador no declarado
  (compilando archivo de origen "Fitxa.cpp")
  
C:\Users\usuari\Documents\ENGINYERIA INFORMÀTICA\MP\EL-JOC-DE-LES-DAMES\EL JOC DE LES DAMES\Posicio.h(5,64): error C2614: 'Posicio': inicialización de miembro no válida: 'm_posicio' no es una base o miembro
  (compilando archivo de origen "Fitxa.cpp")
  
C:\Users\usuari\Documents\ENGINYERIA INFORMÀTICA\MP\EL-JOC-DE-LES-DAMES\EL JOC DE LES DAMES\Posicio.h(14,45): error C2065: 'm_posicio': identificador no declarado
  (compilando archivo de origen "Fitxa.cpp")
  
C:\Users\usuari\Documents\ENGINYERIA INFORMÀTICA\MP\EL-JOC-DE-LES-DAMES\EL JOC DE LES DAMES\Posicio.h(14,57): error C2065: 'posicio': identificador no declarado
  (compilando archivo de origen "Fitxa.cpp")
  
C:\Users\usuari\Documents\ENGINYERIA INFORMÀTICA\MP\EL-JOC-DE-LES-DAMES\EL JOC DE LES DAMES\Posicio.h(5,12): error C4430: falta el especificador de tipo; se presupone int. Nota: C++ no admite default-int
  (compilando archivo de origen "Moviment.cpp")
  
C:\Users\usuari\Documents\ENGINYERIA INFORMÀTICA\MP\EL-JOC-DE-LES-DAMES\EL JOC DE LES DAMES\Posicio.h(5,24): error C2143: error de sintaxis: falta ',' delante de '&'
  (compilando archivo de origen "Moviment.cpp")
  
C:\Users\usuari\Documents\ENGINYERIA INFORMÀTICA\MP\EL-JOC-DE-LES-DAMES\EL JOC DE LES DAMES\Posicio.h(7,11): error C3646: 'toString': especificador de invalidación desconocido
  (compilando archivo de origen "Moviment.cpp")
  
C:\Users\usuari\Documents\ENGINYERIA INFORMÀTICA\MP\EL-JOC-DE-LES-DAMES\EL JOC DE LES DAMES\Posicio.h(7,19): error C2059: error de sintaxis: '('
  (compilando archivo de origen "Moviment.cpp")
  
C:\Users\usuari\Documents\ENGINYERIA INFORMÀTICA\MP\EL-JOC-DE-LES-DAMES\EL JOC DE LES DAMES\Posicio.h(7,21): error C2238: símbolos (token) inesperados delante de ';'
  (compilando archivo de origen "Moviment.cpp")
  
C:\Users\usuari\Documents\ENGINYERIA INFORMÀTICA\MP\EL-JOC-DE-LES-DAMES\EL JOC DE LES DAMES\Posicio.h(10,11): error C3646: 'getPosicio': especificador de invalidación desconocido
  (compilando archivo de origen "Moviment.cpp")
  
C:\Users\usuari\Documents\ENGINYERIA INFORMÀTICA\MP\EL-JOC-DE-LES-DAMES\EL JOC DE LES DAMES\Posicio.h(10,21): error C2059: error de sintaxis: '('
  (compilando archivo de origen "Moviment.cpp")
  
C:\Users\usuari\Documents\ENGINYERIA INFORMÀTICA\MP\EL-JOC-DE-LES-DAMES\EL JOC DE LES DAMES\Posicio.h(10,30): error C2334: símbolos (token) inesperados delante de '{'; se pasará por alto el cuerpo de función aparente
  (compilando archivo de origen "Moviment.cpp")
  
C:\Users\usuari\Documents\ENGINYERIA INFORMÀTICA\MP\EL-JOC-DE-LES-DAMES\EL JOC DE LES DAMES\Posicio.h(14,20): error C4430: falta el especificador de tipo; se presupone int. Nota: C++ no admite default-int
  (compilando archivo de origen "Moviment.cpp")
  
C:\Users\usuari\Documents\ENGINYERIA INFORMÀTICA\MP\EL-JOC-DE-LES-DAMES\EL JOC DE LES DAMES\Posicio.h(14,32): error C2143: error de sintaxis: falta ',' delante de '&'
  (compilando archivo de origen "Moviment.cpp")
  
C:\Users\usuari\Documents\ENGINYERIA INFORMÀTICA\MP\EL-JOC-DE-LES-DAMES\EL JOC DE LES DAMES\Posicio.h(20,11): error C3646: 'm_posicio': especificador de invalidación desconocido
  (compilando archivo de origen "Moviment.cpp")
  
C:\Users\usuari\Documents\ENGINYERIA INFORMÀTICA\MP\EL-JOC-DE-LES-DAMES\EL JOC DE LES DAMES\Posicio.h(20,4): error C4430: falta el especificador de tipo; se presupone int. Nota: C++ no admite default-int
  (compilando archivo de origen "Moviment.cpp")
  
C:\Users\usuari\Documents\ENGINYERIA INFORMÀTICA\MP\EL-JOC-DE-LES-DAMES\EL JOC DE LES DAMES\Posicio.h(4,43): error C2614: 'Posicio': inicialización de miembro no válida: 'm_posicio' no es una base o miembro
  (compilando archivo de origen "Moviment.cpp")
  
C:\Users\usuari\Documents\ENGINYERIA INFORMÀTICA\MP\EL-JOC-DE-LES-DAMES\EL JOC DE LES DAMES\Posicio.h(5,74): error C2065: 'posicio': identificador no declarado
  (compilando archivo de origen "Moviment.cpp")
  
C:\Users\usuari\Documents\ENGINYERIA INFORMÀTICA\MP\EL-JOC-DE-LES-DAMES\EL JOC DE LES DAMES\Posicio.h(5,64): error C2614: 'Posicio': inicialización de miembro no válida: 'm_posicio' no es una base o miembro
  (compilando archivo de origen "Moviment.cpp")
  
C:\Users\usuari\Documents\ENGINYERIA INFORMÀTICA\MP\EL-JOC-DE-LES-DAMES\EL JOC DE LES DAMES\Posicio.h(14,45): error C2065: 'm_posicio': identificador no declarado
  (compilando archivo de origen "Moviment.cpp")
  
C:\Users\usuari\Documents\ENGINYERIA INFORMÀTICA\MP\EL-JOC-DE-LES-DAMES\EL JOC DE LES DAMES\Posicio.h(14,57): error C2065: 'posicio': identificador no declarado
  (compilando archivo de origen "Moviment.cpp")
  
C:\Users\usuari\Documents\ENGINYERIA INFORMÀTICA\MP\EL-JOC-DE-LES-DAMES\EL JOC DE LES DAMES\Moviment.cpp(24,9): error C2065: 'cout': identificador no declarado
C:\Users\usuari\Documents\ENGINYERIA INFORMÀTICA\MP\EL-JOC-DE-LES-DAMES\EL JOC DE LES DAMES\Moviment.cpp(24,25): error C2039: "getPosicio": no es un miembro de "Posicio"
      C:\Users\usuari\Documents\ENGINYERIA INFORMÀTICA\MP\EL-JOC-DE-LES-DAMES\EL JOC DE LES DAMES\Posicio.h(1,7):
      vea la declaración de 'Posicio'
  
C:\Users\usuari\Documents\ENGINYERIA INFORMÀTICA\MP\EL-JOC-DE-LES-DAMES\EL JOC DE LES DAMES\Moviment.cpp(27,13): error C2065: 'cout': identificador no declarado
C:\Users\usuari\Documents\ENGINYERIA INFORMÀTICA\MP\EL-JOC-DE-LES-DAMES\EL JOC DE LES DAMES\Moviment.cpp(30,5): error C2065: 'cout': identificador no declarado
C:\Users\usuari\Documents\ENGINYERIA INFORMÀTICA\MP\EL-JOC-DE-LES-DAMES\EL JOC DE LES DAMES\Moviment.cpp(30,13): error C2065: 'endl': identificador no declarado
  Posicio.cpp
C:\Users\usuari\Documents\ENGINYERIA INFORMÀTICA\MP\EL-JOC-DE-LES-DAMES\EL JOC DE LES DAMES\Posicio.h(5,12): error C4430: falta el especificador de tipo; se presupone int. Nota: C++ no admite default-int
  (compilando archivo de origen "Posicio.cpp")
  
C:\Users\usuari\Documents\ENGINYERIA INFORMÀTICA\MP\EL-JOC-DE-LES-DAMES\EL JOC DE LES DAMES\Posicio.h(5,24): error C2143: error de sintaxis: falta ',' delante de '&'
  (compilando archivo de origen "Posicio.cpp")
  
C:\Users\usuari\Documents\ENGINYERIA INFORMÀTICA\MP\EL-JOC-DE-LES-DAMES\EL JOC DE LES DAMES\Posicio.h(7,11): error C3646: 'toString': especificador de invalidación desconocido
  (compilando archivo de origen "Posicio.cpp")
  
C:\Users\usuari\Documents\ENGINYERIA INFORMÀTICA\MP\EL-JOC-DE-LES-DAMES\EL JOC DE LES DAMES\Posicio.h(7,19): error C2059: error de sintaxis: '('
  (compilando archivo de origen "Posicio.cpp")
  
C:\Users\usuari\Documents\ENGINYERIA INFORMÀTICA\MP\EL-JOC-DE-LES-DAMES\EL JOC DE LES DAMES\Posicio.h(7,21): error C2238: símbolos (token) inesperados delante de ';'
  (compilando archivo de origen "Posicio.cpp")
  
C:\Users\usuari\Documents\ENGINYERIA INFORMÀTICA\MP\EL-JOC-DE-LES-DAMES\EL JOC DE LES DAMES\Posicio.h(10,11): error C3646: 'getPosicio': especificador de invalidación desconocido
  (compilando archivo de origen "Posicio.cpp")
  
C:\Users\usuari\Documents\ENGINYERIA INFORMÀTICA\MP\EL-JOC-DE-LES-DAMES\EL JOC DE LES DAMES\Posicio.h(10,21): error C2059: error de sintaxis: '('
  (compilando archivo de origen "Posicio.cpp")
  
C:\Users\usuari\Documents\ENGINYERIA INFORMÀTICA\MP\EL-JOC-DE-LES-DAMES\EL JOC DE LES DAMES\Posicio.h(10,30): error C2334: símbolos (token) inesperados delante de '{'; se pasará por alto el cuerpo de función aparente
  (compilando archivo de origen "Posicio.cpp")
  
C:\Users\usuari\Documents\ENGINYERIA INFORMÀTICA\MP\EL-JOC-DE-LES-DAMES\EL JOC DE LES DAMES\Posicio.h(14,20): error C4430: falta el especificador de tipo; se presupone int. Nota: C++ no admite default-int
  (compilando archivo de origen "Posicio.cpp")
  
C:\Users\usuari\Documents\ENGINYERIA INFORMÀTICA\MP\EL-JOC-DE-LES-DAMES\EL JOC DE LES DAMES\Posicio.h(14,32): error C2143: error de sintaxis: falta ',' delante de '&'
  (compilando archivo de origen "Posicio.cpp")
  
C:\Users\usuari\Documents\ENGINYERIA INFORMÀTICA\MP\EL-JOC-DE-LES-DAMES\EL JOC DE LES DAMES\Posicio.h(20,11): error C3646: 'm_posicio': especificador de invalidación desconocido
  (compilando archivo de origen "Posicio.cpp")
  
C:\Users\usuari\Documents\ENGINYERIA INFORMÀTICA\MP\EL-JOC-DE-LES-DAMES\EL JOC DE LES DAMES\Posicio.h(20,4): error C4430: falta el especificador de tipo; se presupone int. Nota: C++ no admite default-int
  (compilando archivo de origen "Posicio.cpp")
  
C:\Users\usuari\Documents\ENGINYERIA INFORMÀTICA\MP\EL-JOC-DE-LES-DAMES\EL JOC DE LES DAMES\Posicio.h(4,43): error C2614: 'Posicio': inicialización de miembro no válida: 'm_posicio' no es una base o miembro
  (compilando archivo de origen "Posicio.cpp")
  
C:\Users\usuari\Documents\ENGINYERIA INFORMÀTICA\MP\EL-JOC-DE-LES-DAMES\EL JOC DE LES DAMES\Posicio.h(5,74): error C2065: 'posicio': identificador no declarado
  (compilando archivo de origen "Posicio.cpp")
  
C:\Users\usuari\Documents\ENGINYERIA INFORMÀTICA\MP\EL-JOC-DE-LES-DAMES\EL JOC DE LES DAMES\Posicio.h(5,64): error C2614: 'Posicio': inicialización de miembro no válida: 'm_posicio' no es una base o miembro
  (compilando archivo de origen "Posicio.cpp")
  
C:\Users\usuari\Documents\ENGINYERIA INFORMÀTICA\MP\EL-JOC-DE-LES-DAMES\EL JOC DE LES DAMES\Posicio.h(14,45): error C2065: 'm_posicio': identificador no declarado
  (compilando archivo de origen "Posicio.cpp")
  
C:\Users\usuari\Documents\ENGINYERIA INFORMÀTICA\MP\EL-JOC-DE-LES-DAMES\EL JOC DE LES DAMES\Posicio.h(14,57): error C2065: 'posicio': identificador no declarado
  (compilando archivo de origen "Posicio.cpp")
  
C:\Users\usuari\Documents\ENGINYERIA INFORMÀTICA\MP\EL-JOC-DE-LES-DAMES\EL JOC DE LES DAMES\Posicio.cpp(3,17): error C2039: "toString": no es un miembro de "Posicio"
      C:\Users\usuari\Documents\ENGINYERIA INFORMÀTICA\MP\EL-JOC-DE-LES-DAMES\EL JOC DE LES DAMES\Posicio.h(1,7):
      vea la declaración de 'Posicio'
  
C:\Users\usuari\Documents\ENGINYERIA INFORMÀTICA\MP\EL-JOC-DE-LES-DAMES\EL JOC DE LES DAMES\Posicio.cpp(3,1): error C4430: falta el especificador de tipo; se presupone int. Nota: C++ no admite default-int
C:\Users\usuari\Documents\ENGINYERIA INFORMÀTICA\MP\EL-JOC-DE-LES-DAMES\EL JOC DE LES DAMES\Posicio.cpp(3,17): error C2146: error de sintaxis: falta ';' delante del identificador 'toString'
C:\Users\usuari\Documents\ENGINYERIA INFORMÀTICA\MP\EL-JOC-DE-LES-DAMES\EL JOC DE LES DAMES\Posicio.cpp(4,1): error C2143: error de sintaxis: falta ';' delante de '{'
C:\Users\usuari\Documents\ENGINYERIA INFORMÀTICA\MP\EL-JOC-DE-LES-DAMES\EL JOC DE LES DAMES\Posicio.cpp(4,1): error C2447: '{': falta el encabezado de función (¿lista formal de estilo anterior?)
  Tauler.cpp
C:\Users\usuari\Documents\ENGINYERIA INFORMÀTICA\MP\EL-JOC-DE-LES-DAMES\EL JOC DE LES DAMES\Posicio.h(5,12): error C4430: falta el especificador de tipo; se presupone int. Nota: C++ no admite default-int
  (compilando archivo de origen "Tauler.cpp")
  
C:\Users\usuari\Documents\ENGINYERIA INFORMÀTICA\MP\EL-JOC-DE-LES-DAMES\EL JOC DE LES DAMES\Posicio.h(5,24): error C2143: error de sintaxis: falta ',' delante de '&'
  (compilando archivo de origen "Tauler.cpp")
  
C:\Users\usuari\Documents\ENGINYERIA INFORMÀTICA\MP\EL-JOC-DE-LES-DAMES\EL JOC DE LES DAMES\Posicio.h(7,11): error C3646: 'toString': especificador de invalidación desconocido
  (compilando archivo de origen "Tauler.cpp")
  
C:\Users\usuari\Documents\ENGINYERIA INFORMÀTICA\MP\EL-JOC-DE-LES-DAMES\EL JOC DE LES DAMES\Posicio.h(7,19): error C2059: error de sintaxis: '('
  (compilando archivo de origen "Tauler.cpp")
  
C:\Users\usuari\Documents\ENGINYERIA INFORMÀTICA\MP\EL-JOC-DE-LES-DAMES\EL JOC DE LES DAMES\Posicio.h(7,21): error C2238: símbolos (token) inesperados delante de ';'
  (compilando archivo de origen "Tauler.cpp")
  
C:\Users\usuari\Documents\ENGINYERIA INFORMÀTICA\MP\EL-JOC-DE-LES-DAMES\EL JOC DE LES DAMES\Posicio.h(10,11): error C3646: 'getPosicio': especificador de invalidación desconocido
  (compilando archivo de origen "Tauler.cpp")
  
C:\Users\usuari\Documents\ENGINYERIA INFORMÀTICA\MP\EL-JOC-DE-LES-DAMES\EL JOC DE LES DAMES\Posicio.h(10,21): error C2059: error de sintaxis: '('
  (compilando archivo de origen "Tauler.cpp")
  
C:\Users\usuari\Documents\ENGINYERIA INFORMÀTICA\MP\EL-JOC-DE-LES-DAMES\EL JOC DE LES DAMES\Posicio.h(10,30): error C2334: símbolos (token) inesperados delante de '{'; se pasará por alto el cuerpo de función aparente
  (compilando archivo de origen "Tauler.cpp")
  
C:\Users\usuari\Documents\ENGINYERIA INFORMÀTICA\MP\EL-JOC-DE-LES-DAMES\EL JOC DE LES DAMES\Posicio.h(14,20): error C4430: falta el especificador de tipo; se presupone int. Nota: C++ no admite default-int
  (compilando archivo de origen "Tauler.cpp")
  
C:\Users\usuari\Documents\ENGINYERIA INFORMÀTICA\MP\EL-JOC-DE-LES-DAMES\EL JOC DE LES DAMES\Posicio.h(14,32): error C2143: error de sintaxis: falta ',' delante de '&'
  (compilando archivo de origen "Tauler.cpp")
  
C:\Users\usuari\Documents\ENGINYERIA INFORMÀTICA\MP\EL-JOC-DE-LES-DAMES\EL JOC DE LES DAMES\Posicio.h(20,11): error C3646: 'm_posicio': especificador de invalidación desconocido
  (compilando archivo de origen "Tauler.cpp")
  
C:\Users\usuari\Documents\ENGINYERIA INFORMÀTICA\MP\EL-JOC-DE-LES-DAMES\EL JOC DE LES DAMES\Posicio.h(20,4): error C4430: falta el especificador de tipo; se presupone int. Nota: C++ no admite default-int
  (compilando archivo de origen "Tauler.cpp")
  
C:\Users\usuari\Documents\ENGINYERIA INFORMÀTICA\MP\EL-JOC-DE-LES-DAMES\EL JOC DE LES DAMES\Posicio.h(4,43): error C2614: 'Posicio': inicialización de miembro no válida: 'm_posicio' no es una base o miembro
  (compilando archivo de origen "Tauler.cpp")
  
C:\Users\usuari\Documents\ENGINYERIA INFORMÀTICA\MP\EL-JOC-DE-LES-DAMES\EL JOC DE LES DAMES\Posicio.h(5,74): error C2065: 'posicio': identificador no declarado
  (compilando archivo de origen "Tauler.cpp")
  
C:\Users\usuari\Documents\ENGINYERIA INFORMÀTICA\MP\EL-JOC-DE-LES-DAMES\EL JOC DE LES DAMES\Posicio.h(5,64): error C2614: 'Posicio': inicialización de miembro no válida: 'm_posicio' no es una base o miembro
  (compilando archivo de origen "Tauler.cpp")
  
C:\Users\usuari\Documents\ENGINYERIA INFORMÀTICA\MP\EL-JOC-DE-LES-DAMES\EL JOC DE LES DAMES\Posicio.h(14,45): error C2065: 'm_posicio': identificador no declarado
  (compilando archivo de origen "Tauler.cpp")
  
C:\Users\usuari\Documents\ENGINYERIA INFORMÀTICA\MP\EL-JOC-DE-LES-DAMES\EL JOC DE LES DAMES\Posicio.h(14,57): error C2065: 'posicio': identificador no declarado
  (compilando archivo de origen "Tauler.cpp")
  
C:\Users\usuari\Documents\ENGINYERIA INFORMÀTICA\MP\EL-JOC-DE-LES-DAMES\EL JOC DE LES DAMES\Posicio.h(1,7): error C2011: 'Posicio': nueva definición del tipo 'class'
  (compilando archivo de origen "Tauler.cpp")
      C:\Users\usuari\Documents\ENGINYERIA INFORMÀTICA\MP\EL-JOC-DE-LES-DAMES\EL JOC DE LES DAMES\Posicio.h(1,7):
      vea la declaración de 'Posicio'
  
C:\Users\usuari\Documents\ENGINYERIA INFORMÀTICA\MP\EL-JOC-DE-LES-DAMES\EL JOC DE LES DAMES\Moviment.h(25,17): error C2079: 'Moviment::cami' utiliza class 'Posicio' sin definir
  (compilando archivo de origen "Tauler.cpp")
  
C:\Users\usuari\Documents\ENGINYERIA INFORMÀTICA\MP\EL-JOC-DE-LES-DAMES\EL JOC DE LES DAMES\Moviment.h(17,13): error C2027: uso del tipo 'Posicio' sin definir
  (compilando archivo de origen "Tauler.cpp")
      C:\Users\usuari\Documents\ENGINYERIA INFORMÀTICA\MP\EL-JOC-DE-LES-DAMES\EL JOC DE LES DAMES\Posicio.h(1,7):
      vea la declaración de 'Posicio'
  
C:\Users\usuari\Documents\ENGINYERIA INFORMÀTICA\MP\EL-JOC-DE-LES-DAMES\EL JOC DE LES DAMES\Moviment.h(17,52): error C2109: el subíndice requiere una matriz o tipo de puntero
  (compilando archivo de origen "Tauler.cpp")
  
C:\Users\usuari\Documents\ENGINYERIA INFORMÀTICA\MP\EL-JOC-DE-LES-DAMES\EL JOC DE LES DAMES\Tauler.cpp(40,12): error C2079: 'pos' utiliza class 'Posicio' sin definir
C:\Users\usuari\Documents\ENGINYERIA INFORMÀTICA\MP\EL-JOC-DE-LES-DAMES\EL JOC DE LES DAMES\Tauler.cpp(40,15): error C2440: 'inicializando': no se puede realizar la conversión de 'std::string' a 'int'
      C:\Users\usuari\Documents\ENGINYERIA INFORMÀTICA\MP\EL-JOC-DE-LES-DAMES\EL JOC DE LES DAMES\Tauler.cpp(40,15):
      No hay disponible ningún operador de conversión definido por el usuario que pueda realizar esta conversión, o bien no se puede llamar al operador
  
C:\Users\usuari\Documents\ENGINYERIA INFORMÀTICA\MP\EL-JOC-DE-LES-DAMES\EL JOC DE LES DAMES\Tauler.cpp(41,4): error C2664: 'void Tauler::establirFitxa(const Posicio &,const Fitxa &)': el argumento 1 no puede convertirse de 'int' a 'const Posicio &'
      C:\Users\usuari\Documents\ENGINYERIA INFORMÀTICA\MP\EL-JOC-DE-LES-DAMES\EL JOC DE LES DAMES\Tauler.cpp(41,18):
      Razón: no se puede realizar la conversión de 'int' a 'const Posicio'
      C:\Users\usuari\Documents\ENGINYERIA INFORMÀTICA\MP\EL-JOC-DE-LES-DAMES\EL JOC DE LES DAMES\Tauler.cpp(41,18):
      Uso del tipo no definido 'Posicio'
      C:\Users\usuari\Documents\ENGINYERIA INFORMÀTICA\MP\EL-JOC-DE-LES-DAMES\EL JOC DE LES DAMES\Posicio.h(1,7):
      vea la declaración de 'Posicio'
      C:\Users\usuari\Documents\ENGINYERIA INFORMÀTICA\MP\EL-JOC-DE-LES-DAMES\EL JOC DE LES DAMES\Tauler.h(21,7):
      vea la declaración de 'Tauler::establirFitxa'
      C:\Users\usuari\Documents\ENGINYERIA INFORMÀTICA\MP\EL-JOC-DE-LES-DAMES\EL JOC DE LES DAMES\Tauler.cpp(41,4):
      al hacer coincidir la lista de argumentos '(int, Fitxa)'
  
C:\Users\usuari\Documents\ENGINYERIA INFORMÀTICA\MP\EL-JOC-DE-LES-DAMES\EL JOC DE LES DAMES\Tauler.cpp(53,21): error C2079: 'origen' utiliza class 'Posicio' sin definir
C:\Users\usuari\Documents\ENGINYERIA INFORMÀTICA\MP\EL-JOC-DE-LES-DAMES\EL JOC DE LES DAMES\Tauler.cpp(53,27): error C2440: 'inicializando': no se puede realizar la conversión de 'initializer list' a 'int'
      C:\Users\usuari\Documents\ENGINYERIA INFORMÀTICA\MP\EL-JOC-DE-LES-DAMES\EL JOC DE LES DAMES\Tauler.cpp(53,27):
      El inicializador contiene demasiados elementos
  
C:\Users\usuari\Documents\ENGINYERIA INFORMÀTICA\MP\EL-JOC-DE-LES-DAMES\EL JOC DE LES DAMES\Tauler.cpp(63,25): error C2079: 'posicionsPossibles' utiliza class 'Posicio' sin definir
C:\Users\usuari\Documents\ENGINYERIA INFORMÀTICA\MP\EL-JOC-DE-LES-DAMES\EL JOC DE LES DAMES\Tauler.cpp(64,17): error C2664: 'void Tauler::getPosicionsPossibles(const Posicio &,int &,Posicio [])': el argumento 1 no puede convertirse de 'int' a 'const Posicio &'
      C:\Users\usuari\Documents\ENGINYERIA INFORMÀTICA\MP\EL-JOC-DE-LES-DAMES\EL JOC DE LES DAMES\Tauler.cpp(64,39):
      Razón: no se puede realizar la conversión de 'int' a 'const Posicio'
      C:\Users\usuari\Documents\ENGINYERIA INFORMÀTICA\MP\EL-JOC-DE-LES-DAMES\EL JOC DE LES DAMES\Tauler.cpp(64,39):
      Uso del tipo no definido 'Posicio'
      C:\Users\usuari\Documents\ENGINYERIA INFORMÀTICA\MP\EL-JOC-DE-LES-DAMES\EL JOC DE LES DAMES\Posicio.h(1,7):
      vea la declaración de 'Posicio'
      C:\Users\usuari\Documents\ENGINYERIA INFORMÀTICA\MP\EL-JOC-DE-LES-DAMES\EL JOC DE LES DAMES\Tauler.h(20,7):
      vea la declaración de 'Tauler::getPosicionsPossibles'
      C:\Users\usuari\Documents\ENGINYERIA INFORMÀTICA\MP\EL-JOC-DE-LES-DAMES\EL JOC DE LES DAMES\Tauler.cpp(64,17):
      al hacer coincidir la lista de argumentos '(int, int, int)'
  
C:\Users\usuari\Documents\ENGINYERIA INFORMÀTICA\MP\EL-JOC-DE-LES-DAMES\EL JOC DE LES DAMES\Tauler.cpp(70,30): error C2664: 'void Moviment::afegeixPosicio(const Posicio &)': el argumento 1 no puede convertirse de 'int' a 'const Posicio &'
      C:\Users\usuari\Documents\ENGINYERIA INFORMÀTICA\MP\EL-JOC-DE-LES-DAMES\EL JOC DE LES DAMES\Tauler.cpp(70,45):
      Razón: no se puede realizar la conversión de 'int' a 'const Posicio'
      C:\Users\usuari\Documents\ENGINYERIA INFORMÀTICA\MP\EL-JOC-DE-LES-DAMES\EL JOC DE LES DAMES\Tauler.cpp(70,45):
      Uso del tipo no definido 'Posicio'
      C:\Users\usuari\Documents\ENGINYERIA INFORMÀTICA\MP\EL-JOC-DE-LES-DAMES\EL JOC DE LES DAMES\Posicio.h(1,7):
      vea la declaración de 'Posicio'
      C:\Users\usuari\Documents\ENGINYERIA INFORMÀTICA\MP\EL-JOC-DE-LES-DAMES\EL JOC DE LES DAMES\Moviment.h(20,10):
      vea la declaración de 'Moviment::afegeixPosicio'
      C:\Users\usuari\Documents\ENGINYERIA INFORMÀTICA\MP\EL-JOC-DE-LES-DAMES\EL JOC DE LES DAMES\Tauler.cpp(70,30):
      al hacer coincidir la lista de argumentos '(int)'
  
C:\Users\usuari\Documents\ENGINYERIA INFORMÀTICA\MP\EL-JOC-DE-LES-DAMES\EL JOC DE LES DAMES\Tauler.cpp(71,65): error C2109: el subíndice requiere una matriz o tipo de puntero
  Generando código...
